1734027910194	geckodriver	INFO	Listening on 127.0.0.1:49337
1734027910675	mozrunner::runner	INFO	Running command: MOZ_CRASHREPORTER="1" MOZ_CRASHREPORTER_NO_REPORT="1" MOZ_CRASHREPORTER_SHUTDOWN="1" MOZ_NO_REMOTE="1" "/App ... s" "localhost" "-foreground" "-no-remote" "-profile" "/var/folders/w1/3ck7kf7d1vj6klf2d0r05f940000gn/T/rust_mozprofilenydwML"
console.warn: services.settings: Ignoring preference override of remote settings server
console.warn: services.settings: Allow by setting MOZ_REMOTE_SETTINGS_DEVTOOLS=1 in the environment
1734027932073	Marionette	INFO	Marionette enabled
console.error: "Warning: unrecognized command line flag" "-remote-allow-hosts"
1734027933419	Marionette	INFO	Listening on port 49351
WebDriver BiDi listening on ws://127.0.0.1:49338
1734027933522	RemoteAgent	WARN	TLS certificate errors will be ignored for this session
JavaScript error: https://www.ligafemenil.mx/cancha/estadisticahistorica/1/eyJpZERpdmlzaW9uIjoiMTQiLCJpZFRlbXBvcmFkYSI6IjY4IiwgImlkVG9ybmVvIjoiMiJ9, line 4499: TypeError: clubesTabla[x] is undefined
1734028243805	Marionette	INFO	Stopped listening on port 49351
1734028992981	geckodriver	INFO	Listening on 127.0.0.1:49935
1734028993282	mozrunner::runner	INFO	Running command: MOZ_CRASHREPORTER="1" MOZ_CRASHREPORTER_NO_REPORT="1" MOZ_CRASHREPORTER_SHUTDOWN="1" MOZ_NO_REMOTE="1" "/App ... s" "localhost" "-foreground" "-no-remote" "-profile" "/var/folders/w1/3ck7kf7d1vj6klf2d0r05f940000gn/T/rust_mozprofile9vinGO"
console.warn: services.settings: Ignoring preference override of remote settings server
console.warn: services.settings: Allow by setting MOZ_REMOTE_SETTINGS_DEVTOOLS=1 in the environment
1734029013536	Marionette	INFO	Marionette enabled
console.error: "Warning: unrecognized command line flag" "-remote-allow-hosts"
1734029014822	Marionette	INFO	Listening on port 49945
WebDriver BiDi listening on ws://127.0.0.1:49936
1734029014923	RemoteAgent	WARN	TLS certificate errors will be ignored for this session
1734029218193	geckodriver	INFO	Listening on 127.0.0.1:50278
1734029218706	mozrunner::runner	INFO	Running command: MOZ_CRASHREPORTER="1" MOZ_CRASHREPORTER_NO_REPORT="1" MOZ_CRASHREPORTER_SHUTDOWN="1" MOZ_NO_REMOTE="1" "/App ... s" "localhost" "-foreground" "-no-remote" "-profile" "/var/folders/w1/3ck7kf7d1vj6klf2d0r05f940000gn/T/rust_mozprofile8l4jcN"
console.warn: services.settings: Ignoring preference override of remote settings server
console.warn: services.settings: Allow by setting MOZ_REMOTE_SETTINGS_DEVTOOLS=1 in the environment
1734029219065	Marionette	INFO	Marionette enabled
console.error: "Warning: unrecognized command line flag" "-remote-allow-hosts"
1734029219382	Marionette	INFO	Listening on port 50284
WebDriver BiDi listening on ws://127.0.0.1:50279
1734029219506	RemoteAgent	WARN	TLS certificate errors will be ignored for this session
1734029325376	geckodriver	INFO	Listening on 127.0.0.1:50411
1734029325387	mozrunner::runner	INFO	Running command: MOZ_CRASHREPORTER="1" MOZ_CRASHREPORTER_NO_REPORT="1" MOZ_CRASHREPORTER_SHUTDOWN="1" MOZ_NO_REMOTE="1" "/App ... s" "localhost" "-foreground" "-no-remote" "-profile" "/var/folders/w1/3ck7kf7d1vj6klf2d0r05f940000gn/T/rust_mozprofileTjme8R"
console.warn: services.settings: Ignoring preference override of remote settings server
console.warn: services.settings: Allow by setting MOZ_REMOTE_SETTINGS_DEVTOOLS=1 in the environment
1734029325760	Marionette	INFO	Marionette enabled
console.error: "Warning: unrecognized command line flag" "-remote-allow-hosts"
1734029326076	Marionette	INFO	Listening on port 50415
WebDriver BiDi listening on ws://127.0.0.1:50412
1734029326206	RemoteAgent	WARN	TLS certificate errors will be ignored for this session
1734030144896	Marionette	INFO	Stopped listening on port 50415
1734030288294	geckodriver	INFO	Listening on 127.0.0.1:50694
1734030288811	mozrunner::runner	INFO	Running command: MOZ_CRASHREPORTER="1" MOZ_CRASHREPORTER_NO_REPORT="1" MOZ_CRASHREPORTER_SHUTDOWN="1" MOZ_NO_REMOTE="1" "/App ... s" "localhost" "-foreground" "-no-remote" "-profile" "/var/folders/w1/3ck7kf7d1vj6klf2d0r05f940000gn/T/rust_mozprofileRAuOgp"
console.warn: services.settings: Ignoring preference override of remote settings server
console.warn: services.settings: Allow by setting MOZ_REMOTE_SETTINGS_DEVTOOLS=1 in the environment
1734030289727	Marionette	INFO	Marionette enabled
console.error: "Warning: unrecognized command line flag" "-remote-allow-hosts"
1734030290171	Marionette	INFO	Listening on port 50700
WebDriver BiDi listening on ws://127.0.0.1:50695
1734030290315	RemoteAgent	WARN	TLS certificate errors will be ignored for this session
1734031467439	geckodriver	INFO	Listening on 127.0.0.1:51114
1734031467956	mozrunner::runner	INFO	Running command: MOZ_CRASHREPORTER="1" MOZ_CRASHREPORTER_NO_REPORT="1" MOZ_CRASHREPORTER_SHUTDOWN="1" MOZ_NO_REMOTE="1" "/App ... s" "localhost" "-foreground" "-no-remote" "-profile" "/var/folders/w1/3ck7kf7d1vj6klf2d0r05f940000gn/T/rust_mozprofileiCsFVa"
console.warn: services.settings: Ignoring preference override of remote settings server
console.warn: services.settings: Allow by setting MOZ_REMOTE_SETTINGS_DEVTOOLS=1 in the environment
1734031469126	Marionette	INFO	Marionette enabled
console.error: "Warning: unrecognized command line flag" "-remote-allow-hosts"
1734031469857	Marionette	INFO	Listening on port 51120
WebDriver BiDi listening on ws://127.0.0.1:51115
1734031470004	RemoteAgent	WARN	TLS certificate errors will be ignored for this session
1734031500990	Marionette	INFO	Stopped listening on port 51120
console.warn: services.settings: main/search-config-v2 sync interrupted by shutdown
console.error: (new AbortError("IndexedDB: main/ml-onnx-runtime getLastModified() IndexedDB:  execute() A request was aborted, for example through a call to IDBTransaction.abort.", "resource://services-settings/IDBHelpers.sys.mjs", 16))
1734031512045	geckodriver	INFO	Listening on 127.0.0.1:51190
1734031512562	mozrunner::runner	INFO	Running command: MOZ_CRASHREPORTER="1" MOZ_CRASHREPORTER_NO_REPORT="1" MOZ_CRASHREPORTER_SHUTDOWN="1" MOZ_NO_REMOTE="1" "/App ... s" "localhost" "-foreground" "-no-remote" "-profile" "/var/folders/w1/3ck7kf7d1vj6klf2d0r05f940000gn/T/rust_mozprofileFNHhiz"
console.warn: services.settings: Ignoring preference override of remote settings server
console.warn: services.settings: Allow by setting MOZ_REMOTE_SETTINGS_DEVTOOLS=1 in the environment
1734031513287	Marionette	INFO	Marionette enabled
console.error: "Warning: unrecognized command line flag" "-remote-allow-hosts"
1734031513850	Marionette	INFO	Listening on port 51196
WebDriver BiDi listening on ws://127.0.0.1:51191
1734031513983	RemoteAgent	WARN	TLS certificate errors will be ignored for this session
JavaScript error: https://www.ligafemenil.mx/cancha/tablas/tablaMnrs/eyAicGllVGFibGEiOiI8ZGl2PjxzdHJvbmc+TWVub3JlcyBMSUdBIE1YIEZlbWVuaWw8L3N0cm9uZz48L2Rpdj5SZWdsYW1lbnRvIGRlIENvbXBldGVuY2lhIExJR0EgTVggRmVtZW5pbCwgVGVtcG9yYWRhIDIwMjQtMjAyNTwvYnI+TWludXRvcyBt7W5pbW9zIHBvciBBY3VtdWxhciBlbiBlbCBUb3JuZW86IDEsMDAwPC9icj5N4XhpbW8gZGUgbWludXRvcyBhIGNvbnNpZGVyYXIgcG9yIFBhcnRpZG86IDE4MDwvYnI+PC9icj48ZGl2PjxzdHJvbmc+Q2F0ZWdvcu1hczwvc3Ryb25nPjwvZGl2PjEuIEVsIDEwMCUgZGUgbG9zIG1pbnV0b3MganVnYWRvcyBhIGxhcyBKdWdhZG9yYXMgbmFjaWRhcyBkZWwgMbAgZGUgZW5lcm8gZGUgMjAwNCBhbCAzMSBkZSBkaWNpZW1icmUgMjAwOC4ifQ==/54eaca472140c4, line 122: uncaught exception: Socket error - SocketProtocolError: Socket hung up
1734031643282	geckodriver	INFO	Listening on 127.0.0.1:51267
1734031643801	mozrunner::runner	INFO	Running command: MOZ_CRASHREPORTER="1" MOZ_CRASHREPORTER_NO_REPORT="1" MOZ_CRASHREPORTER_SHUTDOWN="1" MOZ_NO_REMOTE="1" "/App ... s" "localhost" "-foreground" "-no-remote" "-profile" "/var/folders/w1/3ck7kf7d1vj6klf2d0r05f940000gn/T/rust_mozprofilePCBCsr"
console.warn: services.settings: Ignoring preference override of remote settings server
console.warn: services.settings: Allow by setting MOZ_REMOTE_SETTINGS_DEVTOOLS=1 in the environment
1734031644245	Marionette	INFO	Marionette enabled
console.error: "Warning: unrecognized command line flag" "-remote-allow-hosts"
1734031644561	Marionette	INFO	Listening on port 51273
WebDriver BiDi listening on ws://127.0.0.1:51268
1734031644686	RemoteAgent	WARN	TLS certificate errors will be ignored for this session
1734031660696	Marionette	INFO	Stopped listening on port 51273
JavaScript error: https://www.ligafemenil.mx/cancha/tablas/tablaMnrs/eyAicGllVGFibGEiOiI8ZGl2PjxzdHJvbmc+TWVub3JlcyBMSUdBIE1YIEZlbWVuaWw8L3N0cm9uZz48L2Rpdj5SZWdsYW1lbnRvIGRlIENvbXBldGVuY2lhIExJR0EgTVggRmVtZW5pbCwgVGVtcG9yYWRhIDIwMjQtMjAyNTwvYnI+TWludXRvcyBt7W5pbW9zIHBvciBBY3VtdWxhciBlbiBlbCBUb3JuZW86IDEsMDAwPC9icj5N4XhpbW8gZGUgbWludXRvcyBhIGNvbnNpZGVyYXIgcG9yIFBhcnRpZG86IDE4MDwvYnI+PC9icj48ZGl2PjxzdHJvbmc+Q2F0ZWdvcu1hczwvc3Ryb25nPjwvZGl2PjEuIEVsIDEwMCUgZGUgbG9zIG1pbnV0b3MganVnYWRvcyBhIGxhcyBKdWdhZG9yYXMgbmFjaWRhcyBkZWwgMbAgZGUgZW5lcm8gZGUgMjAwNCBhbCAzMSBkZSBkaWNpZW1icmUgMjAwOC4ifQ==/54eaca472140c4, line 122: uncaught exception: Socket error - SocketProtocolError: Socket hung up
JavaScript error: https://www.ligafemenil.mx/cancha/tablas/tablaMnrs/eyAicGllVGFibGEiOiI8ZGl2PjxzdHJvbmc+TWVub3JlcyBMSUdBIE1YIEZlbWVuaWw8L3N0cm9uZz48L2Rpdj5SZWdsYW1lbnRvIGRlIENvbXBldGVuY2lhIExJR0EgTVggRmVtZW5pbCwgVGVtcG9yYWRhIDIwMjQtMjAyNTwvYnI+TWludXRvcyBt7W5pbW9zIHBvciBBY3VtdWxhciBlbiBlbCBUb3JuZW86IDEsMDAwPC9icj5N4XhpbW8gZGUgbWludXRvcyBhIGNvbnNpZGVyYXIgcG9yIFBhcnRpZG86IDE4MDwvYnI+PC9icj48ZGl2PjxzdHJvbmc+Q2F0ZWdvcu1hczwvc3Ryb25nPjwvZGl2PjEuIEVsIDEwMCUgZGUgbG9zIG1pbnV0b3MganVnYWRvcyBhIGxhcyBKdWdhZG9yYXMgbmFjaWRhcyBkZWwgMbAgZGUgZW5lcm8gZGUgMjAwNCBhbCAzMSBkZSBkaWNpZW1icmUgMjAwOC4ifQ==/54eaca472140c4, line 122: uncaught exception: Socket error - SocketProtocolError: Socket hung up
JavaScript error: resource:///modules/sessionstore/SessionStore.sys.mjs, line 3586: TypeError: this._windows[aWindow.__SSi] is undefined
JavaScript warning: https://www.googletagmanager.com/gtag/js?id=G-G06EGF7M7W, line 170: Script terminated by timeout at:
gb@https://www.googletagmanager.com/gtag/js?id=G-G06EGF7M7W:170:159
mB@https://www.googletagmanager.com/gtag/js?id=G-G06EGF7M7W:576:135
nB/<@https://www.googletagmanager.com/gtag/js?id=G-G06EGF7M7W:576:111

1734032192298	geckodriver	INFO	Listening on 127.0.0.1:51383
1734032192426	mozrunner::runner	INFO	Running command: MOZ_CRASHREPORTER="1" MOZ_CRASHREPORTER_NO_REPORT="1" MOZ_CRASHREPORTER_SHUTDOWN="1" MOZ_NO_REMOTE="1" "/App ... s" "localhost" "-foreground" "-no-remote" "-profile" "/var/folders/w1/3ck7kf7d1vj6klf2d0r05f940000gn/T/rust_mozprofileE2fYLT"
console.warn: services.settings: Ignoring preference override of remote settings server
console.warn: services.settings: Allow by setting MOZ_REMOTE_SETTINGS_DEVTOOLS=1 in the environment
1734032193271	Marionette	INFO	Marionette enabled
console.error: "Warning: unrecognized command line flag" "-remote-allow-hosts"
1734032193701	Marionette	INFO	Listening on port 51389
WebDriver BiDi listening on ws://127.0.0.1:51384
1734032193847	RemoteAgent	WARN	TLS certificate errors will be ignored for this session
1734032237920	geckodriver	INFO	Listening on 127.0.0.1:51455
1734032238438	mozrunner::runner	INFO	Running command: MOZ_CRASHREPORTER="1" MOZ_CRASHREPORTER_NO_REPORT="1" MOZ_CRASHREPORTER_SHUTDOWN="1" MOZ_NO_REMOTE="1" "/App ... s" "localhost" "-foreground" "-no-remote" "-profile" "/var/folders/w1/3ck7kf7d1vj6klf2d0r05f940000gn/T/rust_mozprofileJcs8EZ"
console.warn: services.settings: Ignoring preference override of remote settings server
console.warn: services.settings: Allow by setting MOZ_REMOTE_SETTINGS_DEVTOOLS=1 in the environment
1734032238880	Marionette	INFO	Marionette enabled
console.error: "Warning: unrecognized command line flag" "-remote-allow-hosts"
1734032239197	Marionette	INFO	Listening on port 51461
WebDriver BiDi listening on ws://127.0.0.1:51456
1734032239322	RemoteAgent	WARN	TLS certificate errors will be ignored for this session
1734032273643	Marionette	INFO	Stopped listening on port 51461
1734032460052	geckodriver	INFO	Listening on 127.0.0.1:51529
1734032460095	mozrunner::runner	INFO	Running command: MOZ_CRASHREPORTER="1" MOZ_CRASHREPORTER_NO_REPORT="1" MOZ_CRASHREPORTER_SHUTDOWN="1" MOZ_NO_REMOTE="1" "/App ... s" "localhost" "-foreground" "-no-remote" "-profile" "/var/folders/w1/3ck7kf7d1vj6klf2d0r05f940000gn/T/rust_mozprofile7gY6sW"
console.warn: services.settings: Ignoring preference override of remote settings server
console.warn: services.settings: Allow by setting MOZ_REMOTE_SETTINGS_DEVTOOLS=1 in the environment
1734032461745	Marionette	INFO	Marionette enabled
console.error: "Warning: unrecognized command line flag" "-remote-allow-hosts"
1734032462295	Marionette	INFO	Listening on port 51535
WebDriver BiDi listening on ws://127.0.0.1:51530
1734032462458	RemoteAgent	WARN	TLS certificate errors will be ignored for this session
1734032496562	Marionette	INFO	Stopped listening on port 51535
JavaScript error: https://www.ligafemenil.mx/cancha/tablas/tablaGoleoCompleta/sp/54eaca472140c4, line 122: uncaught exception: Socket error - SocketProtocolError: Socket hung up
1734032850194	Marionette	INFO	Stopped listening on port 51389
1734032853232	Marionette	INFO	Stopped listening on port 51196
console.error: "Failed to fetch https://spocs.getpocket.com/user:" "NetworkError when attempting to fetch resource."
console.warn: TopSitesFeed: Failed to fetch data from Contile server: NetworkError when attempting to fetch resource.
console.error: ({})
console.error: ({})
1734032857152	geckodriver	INFO	Listening on 127.0.0.1:51664
1734032857162	mozrunner::runner	INFO	Running command: MOZ_CRASHREPORTER="1" MOZ_CRASHREPORTER_NO_REPORT="1" MOZ_CRASHREPORTER_SHUTDOWN="1" MOZ_NO_REMOTE="1" "/App ... s" "localhost" "-foreground" "-no-remote" "-profile" "/var/folders/w1/3ck7kf7d1vj6klf2d0r05f940000gn/T/rust_mozprofile4tiZQe"
console.warn: services.settings: Ignoring preference override of remote settings server
console.warn: services.settings: Allow by setting MOZ_REMOTE_SETTINGS_DEVTOOLS=1 in the environment
1734032858753	Marionette	INFO	Marionette enabled
console.error: "Warning: unrecognized command line flag" "-remote-allow-hosts"
1734032859236	Marionette	INFO	Listening on port 51670
WebDriver BiDi listening on ws://127.0.0.1:51665
1734032859379	RemoteAgent	WARN	TLS certificate errors will be ignored for this session
1734032891112	Marionette	INFO	Stopped listening on port 51670
console.error: "Could not download new icon" ({})
console.error: (new AbortError("IndexedDB: security-state/onecrl getLastModified() IndexedDB:  execute() A request was aborted, for example through a call to IDBTransaction.abort.", "resource://services-settings/IDBHelpers.sys.mjs", 16))
console.error: services.settings: 
Object
  - prototype Object
    - columnNumber = 0
    - data = null
    - filename = resource://gre/modules/ServiceRequest.sys.mjs
    - lineNumber = 128
    - location = {"name":"open","filename":"resource://gre/modules/ServiceRequest.sys.mjs","sourceId":24,"lineNumber":128,"columnNumber":11,"asyncCause":null,"asyncCaller":null,"caller":{"filename":"resource://services-settings/Utils.sys.mjs","name":"fetch/<","sourceId":23,"lineNumber":268,"columnNumber":15,"asyncCause":null,"asyncCaller":null,"caller":{"filename":"resource://services-settings/Utils.sys.mjs","name":"fetch","sourceId":23,"lineNumber":219,"columnNumber":12,"asyncCause":null,"asyncCaller":null,"caller":{"filename":"resource://services-common/kinto-http-client.sys.mjs","name":"timedFetch/<","sourceId":453,"lineNumber":569,"columnNumber":12,"asyncCause":null,"asyncCaller":null,"caller":{"filename":"resource://services-common/kinto-http-client.sys.mjs","name":"timedFetch","sourceId":453,"lineNumber":544,"columnNumber":12,"asyncCause":null,"asyncCaller":null,"caller":{"filename":"resource://services-common/kinto-http-client.sys.mjs","name":"request","sourceId":453,"lineNumber":634,"columnNumber":33,"asyncCause":null,"asyncCaller":null,"caller":{"filename":"resource://services-common/kinto-http-client.sys.mjs","name":"execute","sourceId":453,"lineNumber":2643,"columnNumber":36,"asyncCause":null,"asyncCaller":null,"caller":{"filename":"resource://services-settings/RemoteSettingsClient.sys.mjs","name":"_fetchChangeset","sourceId":21,"lineNumber":1201,"columnNumber":22,"asyncCause":null,"asyncCaller":null,"caller":{"filename":"resource://services-settings/RemoteSettingsClient.sys.mjs","name":"_importChanges","sourceId":21,"lineNumber":1063,"columnNumber":18,"asyncCause":null,"asyncCaller":null,"caller":{"filename":"resource://services-settings/RemoteSettingsClient.sys.mjs","name":"maybeSync","sourceId":21,"lineNumber":752,"columnNumber":35,"asyncCause":null,"asyncCaller":null,"caller":{"filename":"resource://gre/modules/AsyncShutdown.sys.mjs","name":"observe","sourceId":14,"lineNumber":569,"columnNumber":17,"asyncCause":null,"asyncCaller":null,"caller":null,"formattedStack":"observe@resource://gre/modules/AsyncShutdown.sys.mjs:569:17\n","nativeSavedFrame":{}},"formattedStack":"maybeSync@resource://services-settings/RemoteSettingsClient.sys.mjs:752:35\nobserve@resource://gre/modules/AsyncShutdown.sys.mjs:569:17\n","nativeSavedFrame":{}},"formattedStack":"_importChanges@resource://services-settings/RemoteSettingsClient.sys.mjs:1063:18\nmaybeSync@resource://services-settings/RemoteSettingsClient.sys.mjs:752:35\nobserve@resource://gre/modules/AsyncShutdown.sys.mjs:569:17\n","nativeSavedFrame":{}},"formattedStack":"_fetchChangeset@resource://services-settings/RemoteSettingsClient.sys.mjs:1201:22\n_importChanges@resource://services-settings/RemoteSettingsClient.sys.mjs:1063:18\nmaybeSync@resource://services-settings/RemoteSettingsClient.sys.mjs:752:35\nobserve@resource://gre/modules/AsyncShutdown.sys.mjs:569:17\n","nativeSavedFrame":{}},"formattedStack":"execute@resource://services-common/kinto-http-client.sys.mjs:2643:36\n_fetchChangeset@resource://services-settings/RemoteSettingsClient.sys.mjs:1201:22\n_importChanges@resource://services-settings/RemoteSettingsClient.sys.mjs:1063:18\nmaybeSync@resource://services-settings/RemoteSettingsClient.sys.mjs:752:35\nobserve@resource://gre/modules/AsyncShutdown.sys.mjs:569:17\n","nativeSavedFrame":{}},"formattedStack":"request@resource://services-common/kinto-http-client.sys.mjs:634:33\nexecute@resource://services-common/kinto-http-client.sys.mjs:2643:36\n_fetchChangeset@resource://services-settings/RemoteSettingsClient.sys.mjs:1201:22\n_importChanges@resource://services-settings/RemoteSettingsClient.sys.mjs:1063:18\nmaybeSync@resource://services-settings/RemoteSettingsClient.sys.mjs:752:35\nobserve@resource://gre/modules/AsyncShutdown.sys.mjs:569:17\n","nativeSavedFrame":{}},"formattedStack":"timedFetch@resource://services-common/kinto-http-client.sys.mjs:544:12\nrequest@resource://services-common/kinto-http-client.sys.mjs:634:33\nexecute@resource://services-common/kinto-http-client.sys.mjs:2643:36\n_fetchChangeset@resource://services-settings/RemoteSettingsClient.sys.mjs:1201:22\n_importChanges@resource://services-settings/RemoteSettingsClient.sys.mjs:1063:18\nmaybeSync@resource://services-settings/RemoteSettingsClient.sys.mjs:752:35\nobserve@resource://gre/modules/AsyncShutdown.sys.mjs:569:17\n","nativeSavedFrame":{}},"formattedStack":"timedFetch/<@resource://services-common/kinto-http-client.sys.mjs:569:12\ntimedFetch@resource://services-common/kinto-http-client.sys.mjs:544:12\nrequest@resource://services-common/kinto-http-client.sys.mjs:634:33\nexecute@resource://services-common/kinto-http-client.sys.mjs:2643:36\n_fetchChangeset@resource://services-settings/RemoteSettingsClient.sys.mjs:1201:22\n_importChanges@resource://services-settings/RemoteSettingsClient.sys.mjs:1063:18\nmaybeSync@resource://services-settings/RemoteSettingsClient.sys.mjs:752:35\nobserve@resource://gre/modules/AsyncShutdown.sys.mjs:569:17\n","nativeSavedFrame":{}},"formattedStack":"fetch@resource://services-settings/Utils.sys.mjs:219:12\ntimedFetch/<@resource://services-common/kinto-http-client.sys.mjs:569:12\ntimedFetch@resource://services-common/kinto-http-client.sys.mjs:544:12\nrequest@resource://services-common/kinto-http-client.sys.mjs:634:33\nexecute@resource://services-common/kinto-http-client.sys.mjs:2643:36\n_fetchChangeset@resource://services-settings/RemoteSettingsClient.sys.mjs:1201:22\n_importChanges@resource://services-settings/RemoteSettingsClient.sys.mjs:1063:18\nmaybeSync@resource://services-settings/RemoteSettingsClient.sys.mjs:752:35\nobserve@resource://gre/modules/AsyncShutdown.sys.mjs:569:17\n","nativeSavedFrame":{}},"formattedStack":"fetch/<@resource://services-settings/Utils.sys.mjs:268:15\nfetch@resource://services-settings/Utils.sys.mjs:219:12\ntimedFetch/<@resource://services-common/kinto-http-client.sys.mjs:569:12\ntimedFetch@resource://services-common/kinto-http-client.sys.mjs:544:12\nrequest@resource://services-common/kinto-http-client.sys.mjs:634:33\nexecute@resource://services-common/kinto-http-client.sys.mjs:2643:36\n_fetchChangeset@resource://services-settings/RemoteSettingsClient.sys.mjs:1201:22\n_importChanges@resource://services-settings/RemoteSettingsClient.sys.mjs:1063:18\nmaybeSync@resource://services-settings/RemoteSettingsClient.sys.mjs:752:35\nobserve@resource://gre/modules/AsyncShutdown.sys.mjs:569:17\n","nativeSavedFrame":{}},"formattedStack":"open@resource://gre/modules/ServiceRequest.sys.mjs:128:11\nfetch/<@resource://services-settings/Utils.sys.mjs:268:15\nfetch@resource://services-settings/Utils.sys.mjs:219:12\ntimedFetch/<@resource://services-common/kinto-http-client.sys.mjs:569:12\ntimedFetch@resource://services-common/kinto-http-client.sys.mjs:544:12\nrequest@resource://services-common/kinto-http-client.sys.mjs:634:33\nexecute@resource://services-common/kinto-http-client.sys.mjs:2643:36\n_fetchChangeset@resource://services-settings/RemoteSettingsClient.sys.mjs:1201:22\n_importChanges@resource://services-settings/RemoteSettingsClient.sys.mjs:1063:18\nmaybeSync@resource://services-settings/RemoteSettingsClient.sys.mjs:752:35\nobserve@resource://gre/modules/AsyncShutdown.sys.mjs:569:17\n","nativeSavedFrame":{}}
    - message = 
    - name = 
    - result = 2152071198
    - stack = open@resource://gre/modules/ServiceRequest.sys.mjs:128:11|fetch/<@resource://services-settings/Utils.sys.mjs:268:15|fetch@resource://services-settings/Utils.sys.mjs:219:12|timedFetch/<@resource://services-common/kinto-http-client.sys.mjs:569:12|timedFetch@resource://services-common/kinto-http-client.sys.mjs:544:12|request@resource://services-common/kinto-http-client.sys.mjs:634:33|execute@resource://services-common/kinto-http-client.sys.mjs:2643:36|_fetchChangeset@resource://services-settings/RemoteSettingsClient.sys.mjs:1201:22|_importChanges@resource://services-settings/RemoteSettingsClient.sys.mjs:1063:18|maybeSync@resource://services-settings/RemoteSettingsClient.sys.mjs:752:35|observe@resource://gre/modules/AsyncShutdown.sys.mjs:569:17|
  - prototype Object
console.error: "Could not download new icon" ({})
console.error: "Could not download new icon" ({})
console.error: "Could not download new icon" ({})
console.error: "Could not download new icon" ({})
console.error: "Could not download new icon" ({})
console.error: "Could not download new icon" ({})
console.error: "Could not download new icon" ({})
console.error: "Could not download new icon" ({})
console.error: "Could not download new icon" ({})
console.error: "Could not download new icon" ({})
console.error: "Could not download new icon" ({})
console.error: "Could not download new icon" ({})
console.error: "Could not download new icon" ({})
console.error: "Could not download new icon" ({})
console.error: "Could not download new icon" ({})
console.error: "Could not download new icon" ({})
console.error: "Could not download new icon" ({})
console.error: "Could not download new icon" ({})
console.error: "Could not download new icon" ({})
console.error: "Could not download new icon" ({})
console.error: "Could not download new icon" ({})
console.error: "Could not download new icon" ({})
console.error: "Could not download new icon" ({})
console.error: "Could not download new icon" ({})
console.error: "Could not download new icon" ({})
console.error: "Could not download new icon" ({})
console.error: "Could not download new icon" ({})
console.error: "Could not download new icon" ({})
console.error: "Could not download new icon" ({})
console.error: "Could not download new icon" ({})
console.error: ({details:{id:"4dd906e9-fe4e-fd64-8138-a2c7260b2199", last_modified:1727383809894, bucket:"security-state", collection:"onecrl", host:"firefox.settings.services.mozilla.com"}})
1734032921511	geckodriver	INFO	Listening on 127.0.0.1:51748
1734032922031	mozrunner::runner	INFO	Running command: MOZ_CRASHREPORTER="1" MOZ_CRASHREPORTER_NO_REPORT="1" MOZ_CRASHREPORTER_SHUTDOWN="1" MOZ_NO_REMOTE="1" "/App ... s" "localhost" "-foreground" "-no-remote" "-profile" "/var/folders/w1/3ck7kf7d1vj6klf2d0r05f940000gn/T/rust_mozprofileSiXq7Z"
console.warn: services.settings: Ignoring preference override of remote settings server
console.warn: services.settings: Allow by setting MOZ_REMOTE_SETTINGS_DEVTOOLS=1 in the environment
1734032922791	Marionette	INFO	Marionette enabled
console.error: "Warning: unrecognized command line flag" "-remote-allow-hosts"
1734032923359	Marionette	INFO	Listening on port 51754
WebDriver BiDi listening on ws://127.0.0.1:51749
1734032923492	RemoteAgent	WARN	TLS certificate errors will be ignored for this session
1734032956286	Marionette	INFO	Stopped listening on port 51754
console.error: "Could not download new icon" ({})
console.error: "Could not download new icon" ({})
console.error: "Could not download new icon" ({})
1734032989012	geckodriver	INFO	Listening on 127.0.0.1:51818
1734032989536	mozrunner::runner	INFO	Running command: MOZ_CRASHREPORTER="1" MOZ_CRASHREPORTER_NO_REPORT="1" MOZ_CRASHREPORTER_SHUTDOWN="1" MOZ_NO_REMOTE="1" "/App ... s" "localhost" "-foreground" "-no-remote" "-profile" "/var/folders/w1/3ck7kf7d1vj6klf2d0r05f940000gn/T/rust_mozprofile3mqB0o"
console.warn: services.settings: Ignoring preference override of remote settings server
console.warn: services.settings: Allow by setting MOZ_REMOTE_SETTINGS_DEVTOOLS=1 in the environment
1734032989975	Marionette	INFO	Marionette enabled
console.error: "Warning: unrecognized command line flag" "-remote-allow-hosts"
1734032990276	Marionette	INFO	Listening on port 51824
WebDriver BiDi listening on ws://127.0.0.1:51819
1734032990401	RemoteAgent	WARN	TLS certificate errors will be ignored for this session
JavaScript error: https://www.ligafemenil.mx/cancha/tablas/tablaGoleoCompleta/sp/54eaca472140c4, line 122: uncaught exception: Socket error - SocketProtocolError: Socket hung up
1734033026144	Marionette	INFO	Stopped listening on port 51824
1734052812842	geckodriver	INFO	Listening on 127.0.0.1:50042
1734052813138	mozrunner::runner	INFO	Running command: MOZ_CRASHREPORTER="1" MOZ_CRASHREPORTER_NO_REPORT="1" MOZ_CRASHREPORTER_SHUTDOWN="1" MOZ_NO_REMOTE="1" "/App ... s" "localhost" "-foreground" "-no-remote" "-profile" "/var/folders/w1/3ck7kf7d1vj6klf2d0r05f940000gn/T/rust_mozprofileZQRJzm"
console.warn: services.settings: Ignoring preference override of remote settings server
console.warn: services.settings: Allow by setting MOZ_REMOTE_SETTINGS_DEVTOOLS=1 in the environment
1734052834001	Marionette	INFO	Marionette enabled
console.error: "Warning: unrecognized command line flag" "-remote-allow-hosts"
1734052835365	Marionette	INFO	Listening on port 50058
WebDriver BiDi listening on ws://127.0.0.1:50043
1734052835470	RemoteAgent	WARN	TLS certificate errors will be ignored for this session
JavaScript error: https://www.ligafemenil.mx/cancha/tablas/tablafairplay/sp/54eaca472140c4, line 122: uncaught exception: Socket error - SocketProtocolError: Socket hung up
1734052851487	Marionette	INFO	Stopped listening on port 50058
1734053114533	geckodriver	INFO	Listening on 127.0.0.1:51027
1734053114874	mozrunner::runner	INFO	Running command: MOZ_CRASHREPORTER="1" MOZ_CRASHREPORTER_NO_REPORT="1" MOZ_CRASHREPORTER_SHUTDOWN="1" MOZ_NO_REMOTE="1" "/App ... s" "localhost" "-foreground" "-no-remote" "-profile" "/var/folders/w1/3ck7kf7d1vj6klf2d0r05f940000gn/T/rust_mozprofilecvjx6i"
console.warn: services.settings: Ignoring preference override of remote settings server
console.warn: services.settings: Allow by setting MOZ_REMOTE_SETTINGS_DEVTOOLS=1 in the environment
1734053133981	Marionette	INFO	Marionette enabled
console.error: "Warning: unrecognized command line flag" "-remote-allow-hosts"
1734053135133	Marionette	INFO	Listening on port 51039
WebDriver BiDi listening on ws://127.0.0.1:51028
1734053135271	RemoteAgent	WARN	TLS certificate errors will be ignored for this session
1734053151601	Marionette	INFO	Stopped listening on port 51039
1734053273089	geckodriver	INFO	Listening on 127.0.0.1:51924
1734053273610	mozrunner::runner	INFO	Running command: MOZ_CRASHREPORTER="1" MOZ_CRASHREPORTER_NO_REPORT="1" MOZ_CRASHREPORTER_SHUTDOWN="1" MOZ_NO_REMOTE="1" "/App ... s" "localhost" "-foreground" "-no-remote" "-profile" "/var/folders/w1/3ck7kf7d1vj6klf2d0r05f940000gn/T/rust_mozprofilex51cNn"
console.warn: services.settings: Ignoring preference override of remote settings server
console.warn: services.settings: Allow by setting MOZ_REMOTE_SETTINGS_DEVTOOLS=1 in the environment
1734053273984	Marionette	INFO	Marionette enabled
console.error: "Warning: unrecognized command line flag" "-remote-allow-hosts"
1734053274287	Marionette	INFO	Listening on port 51934
WebDriver BiDi listening on ws://127.0.0.1:51925
1734053274411	RemoteAgent	WARN	TLS certificate errors will be ignored for this session
1734053291285	Marionette	INFO	Stopped listening on port 51934
1734104212485	geckodriver	INFO	Listening on 127.0.0.1:49725
1734104212813	mozrunner::runner	INFO	Running command: MOZ_CRASHREPORTER="1" MOZ_CRASHREPORTER_NO_REPORT="1" MOZ_CRASHREPORTER_SHUTDOWN="1" MOZ_NO_REMOTE="1" "/App ... s" "localhost" "-foreground" "-no-remote" "-profile" "/var/folders/w1/3ck7kf7d1vj6klf2d0r05f940000gn/T/rust_mozprofileeZkjS8"
console.warn: services.settings: Ignoring preference override of remote settings server
console.warn: services.settings: Allow by setting MOZ_REMOTE_SETTINGS_DEVTOOLS=1 in the environment
1734104234162	Marionette	INFO	Marionette enabled
console.error: "Warning: unrecognized command line flag" "-remote-allow-hosts"
1734104235364	Marionette	INFO	Listening on port 49745
WebDriver BiDi listening on ws://127.0.0.1:49726
1734104235509	RemoteAgent	WARN	TLS certificate errors will be ignored for this session
1734104268720	Marionette	INFO	Stopped listening on port 49745
1734104573337	geckodriver	INFO	Listening on 127.0.0.1:50842
1734104573659	mozrunner::runner	INFO	Running command: MOZ_CRASHREPORTER="1" MOZ_CRASHREPORTER_NO_REPORT="1" MOZ_CRASHREPORTER_SHUTDOWN="1" MOZ_NO_REMOTE="1" "/App ... s" "localhost" "-foreground" "-no-remote" "-profile" "/var/folders/w1/3ck7kf7d1vj6klf2d0r05f940000gn/T/rust_mozprofileLmb47f"
console.warn: services.settings: Ignoring preference override of remote settings server
console.warn: services.settings: Allow by setting MOZ_REMOTE_SETTINGS_DEVTOOLS=1 in the environment
1734104593790	Marionette	INFO	Marionette enabled
console.error: "Warning: unrecognized command line flag" "-remote-allow-hosts"
1734104594936	Marionette	INFO	Listening on port 50850
WebDriver BiDi listening on ws://127.0.0.1:50843
1734104595079	RemoteAgent	WARN	TLS certificate errors will be ignored for this session
1734104624325	Marionette	INFO	Stopped listening on port 50850
console.warn: services.settings: main/urlbar-persisted-search-terms sync interrupted by shutdown
console.warn: services.settings: main/url-classifier-skip-urls sync interrupted by shutdown
console.warn: services.settings: main/search-default-override-allowlist sync interrupted by shutdown
console.warn: services.settings: main/cookie-banner-rules-list sync interrupted by shutdown
console.warn: services.settings: main/translations-models sync interrupted by shutdown
console.error: (new AbortError("IndexedDB: main/websites-with-shared-credential-backends getLastModified() IndexedDB:  execute() A request was aborted, for example through a call to IDBTransaction.abort.", "resource://services-settings/IDBHelpers.sys.mjs", 16))
1734104877489	geckodriver	INFO	Listening on 127.0.0.1:51114
1734104877796	mozrunner::runner	INFO	Running command: MOZ_CRASHREPORTER="1" MOZ_CRASHREPORTER_NO_REPORT="1" MOZ_CRASHREPORTER_SHUTDOWN="1" MOZ_NO_REMOTE="1" "/App ... s" "localhost" "-foreground" "-no-remote" "-profile" "/var/folders/w1/3ck7kf7d1vj6klf2d0r05f940000gn/T/rust_mozprofile3zSLVH"
console.warn: services.settings: Ignoring preference override of remote settings server
console.warn: services.settings: Allow by setting MOZ_REMOTE_SETTINGS_DEVTOOLS=1 in the environment
1734104898075	Marionette	INFO	Marionette enabled
console.error: "Warning: unrecognized command line flag" "-remote-allow-hosts"
1734104899231	Marionette	INFO	Listening on port 51122
WebDriver BiDi listening on ws://127.0.0.1:51115
1734104899370	RemoteAgent	WARN	TLS certificate errors will be ignored for this session
1734104940431	Marionette	INFO	Stopped listening on port 51122
1734104994686	geckodriver	INFO	Listening on 127.0.0.1:51380
1734104995021	mozrunner::runner	INFO	Running command: MOZ_CRASHREPORTER="1" MOZ_CRASHREPORTER_NO_REPORT="1" MOZ_CRASHREPORTER_SHUTDOWN="1" MOZ_NO_REMOTE="1" "/App ... s" "localhost" "-foreground" "-no-remote" "-profile" "/var/folders/w1/3ck7kf7d1vj6klf2d0r05f940000gn/T/rust_mozprofileQRP5ZS"
console.warn: services.settings: Ignoring preference override of remote settings server
console.warn: services.settings: Allow by setting MOZ_REMOTE_SETTINGS_DEVTOOLS=1 in the environment
1734105014556	Marionette	INFO	Marionette enabled
console.error: "Warning: unrecognized command line flag" "-remote-allow-hosts"
1734105015697	Marionette	INFO	Listening on port 51388
WebDriver BiDi listening on ws://127.0.0.1:51381
1734105015839	RemoteAgent	WARN	TLS certificate errors will be ignored for this session
1734105060560	Marionette	INFO	Stopped listening on port 51388
1734390269410	geckodriver	INFO	Listening on 127.0.0.1:49392
1734390269687	mozrunner::runner	INFO	Running command: MOZ_CRASHREPORTER="1" MOZ_CRASHREPORTER_NO_REPORT="1" MOZ_CRASHREPORTER_SHUTDOWN="1" MOZ_NO_REMOTE="1" "/App ... s" "localhost" "-foreground" "-no-remote" "-profile" "/var/folders/w1/3ck7kf7d1vj6klf2d0r05f940000gn/T/rust_mozprofilehDgkUh"
console.warn: services.settings: Ignoring preference override of remote settings server
console.warn: services.settings: Allow by setting MOZ_REMOTE_SETTINGS_DEVTOOLS=1 in the environment
1734390291524	Marionette	INFO	Marionette enabled
console.error: "Warning: unrecognized command line flag" "-remote-allow-hosts"
1734390292884	Marionette	INFO	Listening on port 49404
WebDriver BiDi listening on ws://127.0.0.1:49393
1734390292987	RemoteAgent	WARN	TLS certificate errors will be ignored for this session
1734390315335	Marionette	INFO	Stopped listening on port 49404
1734390340573	geckodriver	INFO	Listening on 127.0.0.1:49677
1734390341095	mozrunner::runner	INFO	Running command: MOZ_CRASHREPORTER="1" MOZ_CRASHREPORTER_NO_REPORT="1" MOZ_CRASHREPORTER_SHUTDOWN="1" MOZ_NO_REMOTE="1" "/App ... s" "localhost" "-foreground" "-no-remote" "-profile" "/var/folders/w1/3ck7kf7d1vj6klf2d0r05f940000gn/T/rust_mozprofileHmc3Q4"
console.warn: services.settings: Ignoring preference override of remote settings server
console.warn: services.settings: Allow by setting MOZ_REMOTE_SETTINGS_DEVTOOLS=1 in the environment
1734390341468	Marionette	INFO	Marionette enabled
console.error: "Warning: unrecognized command line flag" "-remote-allow-hosts"
1734390342590	Marionette	INFO	Listening on port 49685
WebDriver BiDi listening on ws://127.0.0.1:49678
1734390342730	RemoteAgent	WARN	TLS certificate errors will be ignored for this session
1734390395672	Marionette	INFO	Stopped listening on port 49685
JavaScript warning: https://s3.amazonaws.com/lmxwebsite/js/index.min.js?r=0.8105712820622675, line 1177: Script terminated by timeout at:
pb.startSlider@https://s3.amazonaws.com/lmxwebsite/js/index.min.js?r=0.8105712820622675:1177:19

1734390598133	geckodriver	INFO	Listening on 127.0.0.1:49791
1734390598656	mozrunner::runner	INFO	Running command: MOZ_CRASHREPORTER="1" MOZ_CRASHREPORTER_NO_REPORT="1" MOZ_CRASHREPORTER_SHUTDOWN="1" MOZ_NO_REMOTE="1" "/App ... s" "localhost" "-foreground" "-no-remote" "-profile" "/var/folders/w1/3ck7kf7d1vj6klf2d0r05f940000gn/T/rust_mozprofileNpqGsb"
console.warn: services.settings: Ignoring preference override of remote settings server
console.warn: services.settings: Allow by setting MOZ_REMOTE_SETTINGS_DEVTOOLS=1 in the environment
1734390599041	Marionette	INFO	Marionette enabled
console.error: "Warning: unrecognized command line flag" "-remote-allow-hosts"
1734390599351	Marionette	INFO	Listening on port 49798
WebDriver BiDi listening on ws://127.0.0.1:49792
1734390599545	RemoteAgent	WARN	TLS certificate errors will be ignored for this session
JavaScript error: , line 0: NotFoundError: No such JSProcessActor 'DevToolsProcess'
JavaScript error: , line 0: NotFoundError: No such JSProcessActor 'DevToolsProcess'
JavaScript error: , line 0: NotFoundError: No such JSProcessActor 'DevToolsProcess'
JavaScript error: , line 0: NotFoundError: No such JSProcessActor 'DevToolsProcess'
JavaScript error: , line 0: NotFoundError: No such JSProcessActor 'DevToolsProcess'
JavaScript error: , line 0: NotFoundError: No such JSProcessActor 'DevToolsProcess'
JavaScript error: , line 0: NotFoundError: No such JSProcessActor 'DevToolsProcess'
1734390637277	Marionette	INFO	Stopped listening on port 49798
1734390881458	geckodriver	INFO	Listening on 127.0.0.1:49949
1734390881729	mozrunner::runner	INFO	Running command: MOZ_CRASHREPORTER="1" MOZ_CRASHREPORTER_NO_REPORT="1" MOZ_CRASHREPORTER_SHUTDOWN="1" MOZ_NO_REMOTE="1" "/App ... s" "localhost" "-foreground" "-no-remote" "-profile" "/var/folders/w1/3ck7kf7d1vj6klf2d0r05f940000gn/T/rust_mozprofileatfstk"
console.warn: services.settings: Ignoring preference override of remote settings server
console.warn: services.settings: Allow by setting MOZ_REMOTE_SETTINGS_DEVTOOLS=1 in the environment
1734390903372	Marionette	INFO	Marionette enabled
console.error: "Warning: unrecognized command line flag" "-remote-allow-hosts"
1734390905388	Marionette	INFO	Listening on port 49957
WebDriver BiDi listening on ws://127.0.0.1:49950
1734390905534	RemoteAgent	WARN	TLS certificate errors will be ignored for this session
1734390949965	Marionette	INFO	Stopped listening on port 49957
1734391119289	geckodriver	INFO	Listening on 127.0.0.1:50247
1734391119576	mozrunner::runner	INFO	Running command: MOZ_CRASHREPORTER="1" MOZ_CRASHREPORTER_NO_REPORT="1" MOZ_CRASHREPORTER_SHUTDOWN="1" MOZ_NO_REMOTE="1" "/App ... s" "localhost" "-foreground" "-no-remote" "-profile" "/var/folders/w1/3ck7kf7d1vj6klf2d0r05f940000gn/T/rust_mozprofileBPMzIT"
console.warn: services.settings: Ignoring preference override of remote settings server
console.warn: services.settings: Allow by setting MOZ_REMOTE_SETTINGS_DEVTOOLS=1 in the environment
1734391140542	Marionette	INFO	Marionette enabled
console.error: "Warning: unrecognized command line flag" "-remote-allow-hosts"
1734391142106	Marionette	INFO	Listening on port 50255
WebDriver BiDi listening on ws://127.0.0.1:50248
1734391142210	RemoteAgent	WARN	TLS certificate errors will be ignored for this session
JavaScript error: , line 0: NotFoundError: No such JSProcessActor 'DevToolsProcess'
JavaScript error: , line 0: NotFoundError: No such JSProcessActor 'DevToolsProcess'
JavaScript error: , line 0: NotFoundError: No such JSProcessActor 'DevToolsProcess'
JavaScript error: , line 0: NotFoundError: No such JSProcessActor 'DevToolsProcess'
JavaScript error: , line 0: NotFoundError: No such JSProcessActor 'DevToolsProcess'
JavaScript error: , line 0: NotFoundError: No such JSProcessActor 'DevToolsProcess'
JavaScript error: , line 0: NotFoundError: No such JSProcessActor 'DevToolsProcess'
1734391277801	geckodriver	INFO	Listening on 127.0.0.1:50532
1734391278316	mozrunner::runner	INFO	Running command: MOZ_CRASHREPORTER="1" MOZ_CRASHREPORTER_NO_REPORT="1" MOZ_CRASHREPORTER_SHUTDOWN="1" MOZ_NO_REMOTE="1" "/App ... s" "localhost" "-foreground" "-no-remote" "-profile" "/var/folders/w1/3ck7kf7d1vj6klf2d0r05f940000gn/T/rust_mozprofiled6SEI5"
console.warn: services.settings: Ignoring preference override of remote settings server
console.warn: services.settings: Allow by setting MOZ_REMOTE_SETTINGS_DEVTOOLS=1 in the environment
1734391278718	Marionette	INFO	Marionette enabled
console.error: "Warning: unrecognized command line flag" "-remote-allow-hosts"
1734391279055	Marionette	INFO	Listening on port 50538
WebDriver BiDi listening on ws://127.0.0.1:50533
1734391279202	RemoteAgent	WARN	TLS certificate errors will be ignored for this session
1734391343242	geckodriver	INFO	Listening on 127.0.0.1:50603
1734391343757	mozrunner::runner	INFO	Running command: MOZ_CRASHREPORTER="1" MOZ_CRASHREPORTER_NO_REPORT="1" MOZ_CRASHREPORTER_SHUTDOWN="1" MOZ_NO_REMOTE="1" "/App ... s" "localhost" "-foreground" "-no-remote" "-profile" "/var/folders/w1/3ck7kf7d1vj6klf2d0r05f940000gn/T/rust_mozprofile5uQX9r"
console.warn: services.settings: Ignoring preference override of remote settings server
console.warn: services.settings: Allow by setting MOZ_REMOTE_SETTINGS_DEVTOOLS=1 in the environment
1734391344162	Marionette	INFO	Marionette enabled
console.error: "Warning: unrecognized command line flag" "-remote-allow-hosts"
1734391344509	Marionette	INFO	Listening on port 50609
WebDriver BiDi listening on ws://127.0.0.1:50604
1734391344641	RemoteAgent	WARN	TLS certificate errors will be ignored for this session
1734391382695	Marionette	INFO	Stopped listening on port 50609
1734391449377	geckodriver	INFO	Listening on 127.0.0.1:50687
1734391449888	mozrunner::runner	INFO	Running command: MOZ_CRASHREPORTER="1" MOZ_CRASHREPORTER_NO_REPORT="1" MOZ_CRASHREPORTER_SHUTDOWN="1" MOZ_NO_REMOTE="1" "/App ... s" "localhost" "-foreground" "-no-remote" "-profile" "/var/folders/w1/3ck7kf7d1vj6klf2d0r05f940000gn/T/rust_mozprofileOAeeCm"
console.warn: services.settings: Ignoring preference override of remote settings server
console.warn: services.settings: Allow by setting MOZ_REMOTE_SETTINGS_DEVTOOLS=1 in the environment
1734391450648	Marionette	INFO	Marionette enabled
console.error: "Warning: unrecognized command line flag" "-remote-allow-hosts"
1734391451048	Marionette	INFO	Listening on port 50693
WebDriver BiDi listening on ws://127.0.0.1:50688
1734391451188	RemoteAgent	WARN	TLS certificate errors will be ignored for this session
1734391493619	Marionette	INFO	Stopped listening on port 50693
1734391620165	geckodriver	INFO	Listening on 127.0.0.1:50766
1734391620209	mozrunner::runner	INFO	Running command: MOZ_CRASHREPORTER="1" MOZ_CRASHREPORTER_NO_REPORT="1" MOZ_CRASHREPORTER_SHUTDOWN="1" MOZ_NO_REMOTE="1" "/App ... s" "localhost" "-foreground" "-no-remote" "-profile" "/var/folders/w1/3ck7kf7d1vj6klf2d0r05f940000gn/T/rust_mozprofilenz8TJs"
console.warn: services.settings: Ignoring preference override of remote settings server
console.warn: services.settings: Allow by setting MOZ_REMOTE_SETTINGS_DEVTOOLS=1 in the environment
1734391621307	Marionette	INFO	Marionette enabled
console.error: "Warning: unrecognized command line flag" "-remote-allow-hosts"
1734391621828	Marionette	INFO	Listening on port 50772
WebDriver BiDi listening on ws://127.0.0.1:50767
1734391622018	RemoteAgent	WARN	TLS certificate errors will be ignored for this session
1734391660217	Marionette	INFO	Stopped listening on port 50772
JavaScript error: https://www.ligafemenil.mx/cancha/tablas/tablaGoleoCompleta/sp/54eaca472140c4, line 122: uncaught exception: Socket error - SocketProtocolError: Socket hung up
1734392060243	geckodriver	INFO	Listening on 127.0.0.1:50914
1734392060266	mozrunner::runner	INFO	Running command: MOZ_CRASHREPORTER="1" MOZ_CRASHREPORTER_NO_REPORT="1" MOZ_CRASHREPORTER_SHUTDOWN="1" MOZ_NO_REMOTE="1" "/App ... s" "localhost" "-foreground" "-no-remote" "-profile" "/var/folders/w1/3ck7kf7d1vj6klf2d0r05f940000gn/T/rust_mozprofilep4AA4d"
console.warn: services.settings: Ignoring preference override of remote settings server
console.warn: services.settings: Allow by setting MOZ_REMOTE_SETTINGS_DEVTOOLS=1 in the environment
1734392061810	Marionette	INFO	Marionette enabled
console.error: "Warning: unrecognized command line flag" "-remote-allow-hosts"
1734392062339	Marionette	INFO	Listening on port 50922
WebDriver BiDi listening on ws://127.0.0.1:50915
1734392062500	RemoteAgent	WARN	TLS certificate errors will be ignored for this session
1734392106451	Marionette	INFO	Stopped listening on port 50922
JavaScript error: https://www.ligafemenil.mx/cancha/tablas/tablaGoleoCompleta/sp/54eaca472140c4, line 122: uncaught exception: Socket error - SocketProtocolError: Socket hung up
JavaScript error: resource:///modules/sessionstore/SessionStore.sys.mjs, line 3586: TypeError: this._windows[aWindow.__SSi] is undefined
JavaScript error: , line 0: NotFoundError: No such JSProcessActor 'DevToolsProcess'
JavaScript error: , line 0: NotFoundError: No such JSProcessActor 'DevToolsProcess'
JavaScript error: , line 0: NotFoundError: No such JSProcessActor 'DevToolsProcess'
JavaScript error: , line 0: NotFoundError: No such JSProcessActor 'DevToolsProcess'
JavaScript error: , line 0: NotFoundError: No such JSProcessActor 'DevToolsProcess'
JavaScript error: , line 0: NotFoundError: No such JSProcessActor 'DevToolsProcess'
1734392632605	Marionette	INFO	Stopped listening on port 50255
1734392880350	geckodriver	INFO	Listening on 127.0.0.1:51086
1734392880855	mozrunner::runner	INFO	Running command: MOZ_CRASHREPORTER="1" MOZ_CRASHREPORTER_NO_REPORT="1" MOZ_CRASHREPORTER_SHUTDOWN="1" MOZ_NO_REMOTE="1" "/App ... s" "localhost" "-foreground" "-no-remote" "-profile" "/var/folders/w1/3ck7kf7d1vj6klf2d0r05f940000gn/T/rust_mozprofilekoNNEG"
console.warn: services.settings: Ignoring preference override of remote settings server
console.warn: services.settings: Allow by setting MOZ_REMOTE_SETTINGS_DEVTOOLS=1 in the environment
1734392881525	Marionette	INFO	Marionette enabled
console.error: "Warning: unrecognized command line flag" "-remote-allow-hosts"
1734392881882	Marionette	INFO	Listening on port 51094
WebDriver BiDi listening on ws://127.0.0.1:51087
1734392882033	RemoteAgent	WARN	TLS certificate errors will be ignored for this session
1734392929808	geckodriver	INFO	Listening on 127.0.0.1:51165
1734392930322	mozrunner::runner	INFO	Running command: MOZ_CRASHREPORTER="1" MOZ_CRASHREPORTER_NO_REPORT="1" MOZ_CRASHREPORTER_SHUTDOWN="1" MOZ_NO_REMOTE="1" "/App ... s" "localhost" "-foreground" "-no-remote" "-profile" "/var/folders/w1/3ck7kf7d1vj6klf2d0r05f940000gn/T/rust_mozprofile5jisup"
console.warn: services.settings: Ignoring preference override of remote settings server
console.warn: services.settings: Allow by setting MOZ_REMOTE_SETTINGS_DEVTOOLS=1 in the environment
1734392930755	Marionette	INFO	Marionette enabled
console.error: "Warning: unrecognized command line flag" "-remote-allow-hosts"
1734392931090	Marionette	INFO	Listening on port 51171
WebDriver BiDi listening on ws://127.0.0.1:51166
1734392931232	RemoteAgent	WARN	TLS certificate errors will be ignored for this session
1734393001138	geckodriver	INFO	Listening on 127.0.0.1:51237
1734393001622	mozrunner::runner	INFO	Running command: MOZ_CRASHREPORTER="1" MOZ_CRASHREPORTER_NO_REPORT="1" MOZ_CRASHREPORTER_SHUTDOWN="1" MOZ_NO_REMOTE="1" "/App ... s" "localhost" "-foreground" "-no-remote" "-profile" "/var/folders/w1/3ck7kf7d1vj6klf2d0r05f940000gn/T/rust_mozprofileVmKDUy"
console.warn: services.settings: Ignoring preference override of remote settings server
console.warn: services.settings: Allow by setting MOZ_REMOTE_SETTINGS_DEVTOOLS=1 in the environment
1734393002074	Marionette	INFO	Marionette enabled
console.error: "Warning: unrecognized command line flag" "-remote-allow-hosts"
1734393002407	Marionette	INFO	Listening on port 51245
WebDriver BiDi listening on ws://127.0.0.1:51238
1734393002545	RemoteAgent	WARN	TLS certificate errors will be ignored for this session
1734393047895	Marionette	INFO	Stopped listening on port 50538
JavaScript error: , line 0: NotFoundError: No such JSProcessActor 'DevToolsProcess'
JavaScript error: , line 0: NotFoundError: No such JSProcessActor 'DevToolsProcess'
JavaScript error: , line 0: NotFoundError: No such JSProcessActor 'DevToolsProcess'
JavaScript error: , line 0: NotFoundError: No such JSProcessActor 'DevToolsProcess'
JavaScript error: , line 0: NotFoundError: No such JSProcessActor 'DevToolsProcess'
JavaScript error: , line 0: NotFoundError: No such JSProcessActor 'DevToolsProcess'
JavaScript error: , line 0: NotFoundError: No such JSProcessActor 'DevToolsProcess'
console.error: "Error in worker resource://devtools/client/shared/source-map-loader/worker.js" ": "
1734393050797	Marionette	INFO	Stopped listening on port 51094
1734393053760	Marionette	INFO	Stopped listening on port 51171
1734393056665	Marionette	INFO	Stopped listening on port 51245
1734393203571	geckodriver	INFO	Listening on 127.0.0.1:51358
1734393204087	mozrunner::runner	INFO	Running command: MOZ_CRASHREPORTER="1" MOZ_CRASHREPORTER_NO_REPORT="1" MOZ_CRASHREPORTER_SHUTDOWN="1" MOZ_NO_REMOTE="1" "/App ... s" "localhost" "-foreground" "-no-remote" "-profile" "/var/folders/w1/3ck7kf7d1vj6klf2d0r05f940000gn/T/rust_mozprofileAAGe6F"
console.warn: services.settings: Ignoring preference override of remote settings server
console.warn: services.settings: Allow by setting MOZ_REMOTE_SETTINGS_DEVTOOLS=1 in the environment
1734393204978	Marionette	INFO	Marionette enabled
console.error: "Warning: unrecognized command line flag" "-remote-allow-hosts"
1734393205342	Marionette	INFO	Listening on port 51364
WebDriver BiDi listening on ws://127.0.0.1:51359
1734393205491	RemoteAgent	WARN	TLS certificate errors will be ignored for this session
1734393356954	geckodriver	INFO	Listening on 127.0.0.1:51442
1734393357474	mozrunner::runner	INFO	Running command: MOZ_CRASHREPORTER="1" MOZ_CRASHREPORTER_NO_REPORT="1" MOZ_CRASHREPORTER_SHUTDOWN="1" MOZ_NO_REMOTE="1" "/App ... s" "localhost" "-foreground" "-no-remote" "-profile" "/var/folders/w1/3ck7kf7d1vj6klf2d0r05f940000gn/T/rust_mozprofilez3pmtu"
console.warn: services.settings: Ignoring preference override of remote settings server
console.warn: services.settings: Allow by setting MOZ_REMOTE_SETTINGS_DEVTOOLS=1 in the environment
1734393357898	Marionette	INFO	Marionette enabled
console.error: "Warning: unrecognized command line flag" "-remote-allow-hosts"
1734393358217	Marionette	INFO	Listening on port 51450
WebDriver BiDi listening on ws://127.0.0.1:51443
1734393358350	RemoteAgent	WARN	TLS certificate errors will be ignored for this session
1734393365365	Marionette	INFO	Stopped listening on port 51450
1734393438495	geckodriver	INFO	Listening on 127.0.0.1:51522
1734393439013	mozrunner::runner	INFO	Running command: MOZ_CRASHREPORTER="1" MOZ_CRASHREPORTER_NO_REPORT="1" MOZ_CRASHREPORTER_SHUTDOWN="1" MOZ_NO_REMOTE="1" "/App ... s" "localhost" "-foreground" "-no-remote" "-profile" "/var/folders/w1/3ck7kf7d1vj6klf2d0r05f940000gn/T/rust_mozprofile0VYe84"
console.warn: services.settings: Ignoring preference override of remote settings server
console.warn: services.settings: Allow by setting MOZ_REMOTE_SETTINGS_DEVTOOLS=1 in the environment
1734393439413	Marionette	INFO	Marionette enabled
console.error: "Warning: unrecognized command line flag" "-remote-allow-hosts"
1734393439725	Marionette	INFO	Listening on port 51528
WebDriver BiDi listening on ws://127.0.0.1:51523
1734393439894	RemoteAgent	WARN	TLS certificate errors will be ignored for this session
1734393458180	Marionette	INFO	Stopped listening on port 51528
JavaScript error: https://www.ligafemenil.mx/cancha/tablas/tablaGoleoCompleta/sp/54eaca472140c4, line 122: uncaught exception: Socket error - SocketProtocolError: Socket hung up
JavaScript error: https://www.ligafemenil.mx/cancha/tablas/tablaGoleoCompleta/sp/54eaca472140c4, line 122: uncaught exception: Socket error - SocketProtocolError: Socket hung up
1734393744185	geckodriver	INFO	Listening on 127.0.0.1:51610
1734393744694	mozrunner::runner	INFO	Running command: MOZ_CRASHREPORTER="1" MOZ_CRASHREPORTER_NO_REPORT="1" MOZ_CRASHREPORTER_SHUTDOWN="1" MOZ_NO_REMOTE="1" "/App ... s" "localhost" "-foreground" "-no-remote" "-profile" "/var/folders/w1/3ck7kf7d1vj6klf2d0r05f940000gn/T/rust_mozprofileucBNwh"
console.warn: services.settings: Ignoring preference override of remote settings server
console.warn: services.settings: Allow by setting MOZ_REMOTE_SETTINGS_DEVTOOLS=1 in the environment
1734393745125	Marionette	INFO	Marionette enabled
console.error: "Warning: unrecognized command line flag" "-remote-allow-hosts"
1734393745443	Marionette	INFO	Listening on port 51618
WebDriver BiDi listening on ws://127.0.0.1:51611
1734393745576	RemoteAgent	WARN	TLS certificate errors will be ignored for this session
JavaScript error: resource://gre/modules/PrivateBrowsingUtils.sys.mjs, line 19: TypeError: aWindow is null
JavaScript error: , line 0: NotFoundError: No such JSProcessActor 'DevToolsProcess'
JavaScript error: , line 0: NotFoundError: No such JSProcessActor 'DevToolsProcess'
JavaScript error: , line 0: NotFoundError: No such JSProcessActor 'DevToolsProcess'
JavaScript error: , line 0: NotFoundError: No such JSProcessActor 'DevToolsProcess'
JavaScript error: , line 0: NotFoundError: No such JSProcessActor 'DevToolsProcess'
JavaScript error: , line 0: NotFoundError: No such JSProcessActor 'DevToolsProcess'
JavaScript error: , line 0: NotFoundError: No such JSProcessActor 'DevToolsProcess'
JavaScript error: resource://gre/modules/PrivateBrowsingUtils.sys.mjs, line 19: TypeError: aWindow is null
JavaScript warning: https://www.googletagmanager.com/gtag/js?id=G-G06EGF7M7W, line 170: Script terminated by timeout at:
fb@https://www.googletagmanager.com/gtag/js?id=G-G06EGF7M7W:170:159
vB@https://www.googletagmanager.com/gtag/js?id=G-G06EGF7M7W:576:135
wB/<@https://www.googletagmanager.com/gtag/js?id=G-G06EGF7M7W:576:111

1734393831495	geckodriver	INFO	Listening on 127.0.0.1:51689
1734393832012	mozrunner::runner	INFO	Running command: MOZ_CRASHREPORTER="1" MOZ_CRASHREPORTER_NO_REPORT="1" MOZ_CRASHREPORTER_SHUTDOWN="1" MOZ_NO_REMOTE="1" "/App ... s" "localhost" "-foreground" "-no-remote" "-profile" "/var/folders/w1/3ck7kf7d1vj6klf2d0r05f940000gn/T/rust_mozprofilebC8qI7"
console.warn: services.settings: Ignoring preference override of remote settings server
console.warn: services.settings: Allow by setting MOZ_REMOTE_SETTINGS_DEVTOOLS=1 in the environment
1734393832428	Marionette	INFO	Marionette enabled
console.error: "Warning: unrecognized command line flag" "-remote-allow-hosts"
1734393832740	Marionette	INFO	Listening on port 51695
WebDriver BiDi listening on ws://127.0.0.1:51690
1734393832868	RemoteAgent	WARN	TLS certificate errors will be ignored for this session
JavaScript warning: https://www.googletagmanager.com/gtag/js?id=G-G06EGF7M7W, line 170: Script terminated by timeout at:
fb@https://www.googletagmanager.com/gtag/js?id=G-G06EGF7M7W:170:159
vB@https://www.googletagmanager.com/gtag/js?id=G-G06EGF7M7W:576:135
wB/<@https://www.googletagmanager.com/gtag/js?id=G-G06EGF7M7W:576:111

JavaScript error: resource:///modules/sessionstore/SessionStore.sys.mjs, line 3586: TypeError: this._windows[aWindow.__SSi] is undefined
1734396138373	Marionette	INFO	Stopped listening on port 51364
console.error: "Failed to fetch https://spocs.getpocket.com/user:" "NetworkError when attempting to fetch resource."
console.warn: TopSitesFeed: Failed to fetch data from Contile server: NetworkError when attempting to fetch resource.
console.error: ({})
console.error: ({})
1734396141067	Marionette	INFO	Stopped listening on port 51618
console.error: "Failed to fetch https://spocs.getpocket.com/user:" "NetworkError when attempting to fetch resource."
console.warn: TopSitesFeed: Failed to fetch data from Contile server: NetworkError when attempting to fetch resource.
console.error: ({})
console.error: ({})
1734396144248	Marionette	INFO	Stopped listening on port 51695
console.error: "Failed to fetch https://spocs.getpocket.com/user:" "NetworkError when attempting to fetch resource."
console.warn: TopSitesFeed: Failed to fetch data from Contile server: NetworkError when attempting to fetch resource.
console.error: ({})
console.error: ({})
1734743933456	geckodriver	INFO	Listening on 127.0.0.1:49788
1734743933587	mozrunner::runner	INFO	Running command: MOZ_CRASHREPORTER="1" MOZ_CRASHREPORTER_NO_REPORT="1" MOZ_CRASHREPORTER_SHUTDOWN="1" MOZ_NO_REMOTE="1" "/App ... s" "localhost" "-foreground" "-no-remote" "-profile" "/var/folders/w1/3ck7kf7d1vj6klf2d0r05f940000gn/T/rust_mozprofile5efkFI"
console.warn: services.settings: Ignoring preference override of remote settings server
console.warn: services.settings: Allow by setting MOZ_REMOTE_SETTINGS_DEVTOOLS=1 in the environment
1734743954663	Marionette	INFO	Marionette enabled
console.error: "Warning: unrecognized command line flag" "-remote-allow-hosts"
1734743955862	Marionette	INFO	Listening on port 49800
WebDriver BiDi listening on ws://127.0.0.1:49789
1734743956004	RemoteAgent	WARN	TLS certificate errors will be ignored for this session
1734743963520	Marionette	INFO	Stopped listening on port 49800
JavaScript warning: https://platform.twitter.com/widgets.js, line 8: Script terminated by timeout at:
o.prototype.flush@https://platform.twitter.com/widgets.js:8:22724
o.prototype.runBatch@https://platform.twitter.com/widgets.js:8:22848
o.prototype.scheduleBatch/<@https://platform.twitter.com/widgets.js:8:22607
i@https://platform.twitter.com/widgets.js:8:23375
o.prototype.loop/<@https://platform.twitter.com/widgets.js:8:23466

1734744015287	geckodriver	INFO	Listening on 127.0.0.1:50066
1734744015807	mozrunner::runner	INFO	Running command: MOZ_CRASHREPORTER="1" MOZ_CRASHREPORTER_NO_REPORT="1" MOZ_CRASHREPORTER_SHUTDOWN="1" MOZ_NO_REMOTE="1" "/App ... s" "localhost" "-foreground" "-no-remote" "-profile" "/var/folders/w1/3ck7kf7d1vj6klf2d0r05f940000gn/T/rust_mozprofileObX2GI"
console.warn: services.settings: Ignoring preference override of remote settings server
console.warn: services.settings: Allow by setting MOZ_REMOTE_SETTINGS_DEVTOOLS=1 in the environment
1734744016186	Marionette	INFO	Marionette enabled
console.error: "Warning: unrecognized command line flag" "-remote-allow-hosts"
1734744016491	Marionette	INFO	Listening on port 50074
WebDriver BiDi listening on ws://127.0.0.1:50067
1734744016618	RemoteAgent	WARN	TLS certificate errors will be ignored for this session
1734744029967	Marionette	INFO	Stopped listening on port 50074
1734744188641	geckodriver	INFO	Listening on 127.0.0.1:50139
1734744189163	mozrunner::runner	INFO	Running command: MOZ_CRASHREPORTER="1" MOZ_CRASHREPORTER_NO_REPORT="1" MOZ_CRASHREPORTER_SHUTDOWN="1" MOZ_NO_REMOTE="1" "/App ... s" "localhost" "-foreground" "-no-remote" "-profile" "/var/folders/w1/3ck7kf7d1vj6klf2d0r05f940000gn/T/rust_mozprofiled7r8kE"
console.warn: services.settings: Ignoring preference override of remote settings server
console.warn: services.settings: Allow by setting MOZ_REMOTE_SETTINGS_DEVTOOLS=1 in the environment
1734744189538	Marionette	INFO	Marionette enabled
console.error: "Warning: unrecognized command line flag" "-remote-allow-hosts"
1734744189834	Marionette	INFO	Listening on port 50145
WebDriver BiDi listening on ws://127.0.0.1:50140
1734744189958	RemoteAgent	WARN	TLS certificate errors will be ignored for this session
JavaScript error: resource:///modules/sessionstore/SessionStore.sys.mjs, line 3586: TypeError: this._windows[aWindow.__SSi] is undefined
JavaScript warning: https://www.googletagmanager.com/gtag/js?id=G-G06EGF7M7W, line 170: Script terminated by timeout at:
fb@https://www.googletagmanager.com/gtag/js?id=G-G06EGF7M7W:170:159
vB@https://www.googletagmanager.com/gtag/js?id=G-G06EGF7M7W:576:135
wB/<@https://www.googletagmanager.com/gtag/js?id=G-G06EGF7M7W:576:111

1734744323401	Marionette	INFO	Stopped listening on port 50145
1734744334214	geckodriver	INFO	Listening on 127.0.0.1:50214
1734744334730	mozrunner::runner	INFO	Running command: MOZ_CRASHREPORTER="1" MOZ_CRASHREPORTER_NO_REPORT="1" MOZ_CRASHREPORTER_SHUTDOWN="1" MOZ_NO_REMOTE="1" "/App ... s" "localhost" "-foreground" "-no-remote" "-profile" "/var/folders/w1/3ck7kf7d1vj6klf2d0r05f940000gn/T/rust_mozprofile9AbyFl"
console.warn: services.settings: Ignoring preference override of remote settings server
console.warn: services.settings: Allow by setting MOZ_REMOTE_SETTINGS_DEVTOOLS=1 in the environment
1734744335103	Marionette	INFO	Marionette enabled
console.error: "Warning: unrecognized command line flag" "-remote-allow-hosts"
1734744335398	Marionette	INFO	Listening on port 50220
WebDriver BiDi listening on ws://127.0.0.1:50215
1734744335521	RemoteAgent	WARN	TLS certificate errors will be ignored for this session
JavaScript error: resource:///modules/sessionstore/SessionStore.sys.mjs, line 3586: TypeError: this._windows[aWindow.__SSi] is undefined
JavaScript warning: https://www.googletagmanager.com/gtag/js?id=G-G06EGF7M7W, line 170: Script terminated by timeout at:
fb@https://www.googletagmanager.com/gtag/js?id=G-G06EGF7M7W:170:159
vB@https://www.googletagmanager.com/gtag/js?id=G-G06EGF7M7W:576:135
wB/<@https://www.googletagmanager.com/gtag/js?id=G-G06EGF7M7W:576:111

1734744366524	Marionette	INFO	Stopped listening on port 50220
console.error: services.settings: 
Object
  - prototype Object
    - columnNumber = 0
    - data = null
    - filename = resource://gre/modules/ServiceRequest.sys.mjs
    - lineNumber = 128
    - location = {"name":"open","filename":"resource://gre/modules/ServiceRequest.sys.mjs","sourceId":24,"lineNumber":128,"columnNumber":11,"asyncCause":null,"asyncCaller":null,"caller":{"filename":"resource://services-settings/Utils.sys.mjs","name":"fetch/<","sourceId":23,"lineNumber":268,"columnNumber":15,"asyncCause":null,"asyncCaller":null,"caller":{"filename":"resource://services-settings/Utils.sys.mjs","name":"fetch","sourceId":23,"lineNumber":219,"columnNumber":12,"asyncCause":null,"asyncCaller":null,"caller":{"filename":"resource://services-settings/RemoteSettingsClient.sys.mjs","name":"_validateCollectionSignature","sourceId":21,"lineNumber":1012,"columnNumber":47,"asyncCause":null,"asyncCaller":null,"caller":{"filename":"resource://services-settings/RemoteSettingsClient.sys.mjs","name":"maybeSync","sourceId":21,"lineNumber":729,"columnNumber":26,"asyncCause":null,"asyncCaller":null,"caller":null,"formattedStack":"maybeSync@resource://services-settings/RemoteSettingsClient.sys.mjs:729:26\n","nativeSavedFrame":{}},"formattedStack":"_validateCollectionSignature@resource://services-settings/RemoteSettingsClient.sys.mjs:1012:47\nmaybeSync@resource://services-settings/RemoteSettingsClient.sys.mjs:729:26\n","nativeSavedFrame":{}},"formattedStack":"fetch@resource://services-settings/Utils.sys.mjs:219:12\n_validateCollectionSignature@resource://services-settings/RemoteSettingsClient.sys.mjs:1012:47\nmaybeSync@resource://services-settings/RemoteSettingsClient.sys.mjs:729:26\n","nativeSavedFrame":{}},"formattedStack":"fetch/<@resource://services-settings/Utils.sys.mjs:268:15\nfetch@resource://services-settings/Utils.sys.mjs:219:12\n_validateCollectionSignature@resource://services-settings/RemoteSettingsClient.sys.mjs:1012:47\nmaybeSync@resource://services-settings/RemoteSettingsClient.sys.mjs:729:26\n","nativeSavedFrame":{}},"formattedStack":"open@resource://gre/modules/ServiceRequest.sys.mjs:128:11\nfetch/<@resource://services-settings/Utils.sys.mjs:268:15\nfetch@resource://services-settings/Utils.sys.mjs:219:12\n_validateCollectionSignature@resource://services-settings/RemoteSettingsClient.sys.mjs:1012:47\nmaybeSync@resource://services-settings/RemoteSettingsClient.sys.mjs:729:26\n","nativeSavedFrame":{}}
    - message = 
    - name = 
    - result = 2152071198
    - stack = open@resource://gre/modules/ServiceRequest.sys.mjs:128:11|fetch/<@resource://services-settings/Utils.sys.mjs:268:15|fetch@resource://services-settings/Utils.sys.mjs:219:12|_validateCollectionSignature@resource://services-settings/RemoteSettingsClient.sys.mjs:1012:47|maybeSync@resource://services-settings/RemoteSettingsClient.sys.mjs:729:26|
  - prototype Object
console.error: "Failed to fetch https://spocs.getpocket.com/user:" "NetworkError when attempting to fetch resource."
console.warn: TopSitesFeed: Failed to fetch data from Contile server: NetworkError when attempting to fetch resource.
console.warn: services.settings: main/search-default-override-allowlist sync interrupted by shutdown
console.error: ({})
console.error: ({})
console.warn: services.settings: main/cookie-banner-rules-list sync interrupted by shutdown
console.warn: services.settings: main/newtab-wallpapers-v2 sync interrupted by shutdown
console.warn: services.settings: main/websites-with-shared-credential-backends sync interrupted by shutdown
console.warn: services.settings: main/password-rules sync interrupted by shutdown
console.warn: services.settings: main/translations-models sync interrupted by shutdown
console.warn: services.settings: main/search-categorization sync interrupted by shutdown
console.error: (new AbortError("IndexedDB: main/fxrelay-allowlist getLastModified() IndexedDB:  execute() A request was aborted, for example through a call to IDBTransaction.abort.", "resource://services-settings/IDBHelpers.sys.mjs", 16))
1734744415367	geckodriver	INFO	Listening on 127.0.0.1:50285
1734744415886	mozrunner::runner	INFO	Running command: MOZ_CRASHREPORTER="1" MOZ_CRASHREPORTER_NO_REPORT="1" MOZ_CRASHREPORTER_SHUTDOWN="1" MOZ_NO_REMOTE="1" "/App ... s" "localhost" "-foreground" "-no-remote" "-profile" "/var/folders/w1/3ck7kf7d1vj6klf2d0r05f940000gn/T/rust_mozprofileanRWp5"
console.warn: services.settings: Ignoring preference override of remote settings server
console.warn: services.settings: Allow by setting MOZ_REMOTE_SETTINGS_DEVTOOLS=1 in the environment
1734744416261	Marionette	INFO	Marionette enabled
console.error: "Warning: unrecognized command line flag" "-remote-allow-hosts"
1734744416566	Marionette	INFO	Listening on port 50291
WebDriver BiDi listening on ws://127.0.0.1:50286
1734744416689	RemoteAgent	WARN	TLS certificate errors will be ignored for this session
JavaScript error: resource:///modules/sessionstore/SessionStore.sys.mjs, line 3586: TypeError: this._windows[aWindow.__SSi] is undefined
JavaScript warning: https://www.googletagmanager.com/gtag/js?id=G-G06EGF7M7W, line 170: Script terminated by timeout at:
fb@https://www.googletagmanager.com/gtag/js?id=G-G06EGF7M7W:170:159
vB@https://www.googletagmanager.com/gtag/js?id=G-G06EGF7M7W:576:135
wB/<@https://www.googletagmanager.com/gtag/js?id=G-G06EGF7M7W:576:111

1734744475068	Marionette	INFO	Stopped listening on port 50291
console.error: "Failed to fetch https://spocs.getpocket.com/user:" "NetworkError when attempting to fetch resource."
console.warn: TopSitesFeed: Failed to fetch data from Contile server: NetworkError when attempting to fetch resource.
console.error: ({})
console.error: ({})
1734744510346	geckodriver	INFO	Listening on 127.0.0.1:50354
1734744510862	mozrunner::runner	INFO	Running command: MOZ_CRASHREPORTER="1" MOZ_CRASHREPORTER_NO_REPORT="1" MOZ_CRASHREPORTER_SHUTDOWN="1" MOZ_NO_REMOTE="1" "/App ... s" "localhost" "-foreground" "-no-remote" "-profile" "/var/folders/w1/3ck7kf7d1vj6klf2d0r05f940000gn/T/rust_mozprofilesxbida"
console.warn: services.settings: Ignoring preference override of remote settings server
console.warn: services.settings: Allow by setting MOZ_REMOTE_SETTINGS_DEVTOOLS=1 in the environment
1734744511239	Marionette	INFO	Marionette enabled
console.error: "Warning: unrecognized command line flag" "-remote-allow-hosts"
1734744511544	Marionette	INFO	Listening on port 50360
WebDriver BiDi listening on ws://127.0.0.1:50355
1734744511669	RemoteAgent	WARN	TLS certificate errors will be ignored for this session
1734744548878	Marionette	INFO	Stopped listening on port 50360
1734744665878	geckodriver	INFO	Listening on 127.0.0.1:50430
1734744666397	mozrunner::runner	INFO	Running command: MOZ_CRASHREPORTER="1" MOZ_CRASHREPORTER_NO_REPORT="1" MOZ_CRASHREPORTER_SHUTDOWN="1" MOZ_NO_REMOTE="1" "/App ... s" "localhost" "-foreground" "-no-remote" "-profile" "/var/folders/w1/3ck7kf7d1vj6klf2d0r05f940000gn/T/rust_mozprofilej1Xiyx"
console.warn: services.settings: Ignoring preference override of remote settings server
console.warn: services.settings: Allow by setting MOZ_REMOTE_SETTINGS_DEVTOOLS=1 in the environment
1734744666776	Marionette	INFO	Marionette enabled
console.error: "Warning: unrecognized command line flag" "-remote-allow-hosts"
1734744667080	Marionette	INFO	Listening on port 50436
WebDriver BiDi listening on ws://127.0.0.1:50431
1734744667205	RemoteAgent	WARN	TLS certificate errors will be ignored for this session
1734744704032	Marionette	INFO	Stopped listening on port 50436
1734745579198	geckodriver	INFO	Listening on 127.0.0.1:51348
1734745579711	mozrunner::runner	INFO	Running command: MOZ_CRASHREPORTER="1" MOZ_CRASHREPORTER_NO_REPORT="1" MOZ_CRASHREPORTER_SHUTDOWN="1" MOZ_NO_REMOTE="1" "/App ... s" "localhost" "-foreground" "-no-remote" "-profile" "/var/folders/w1/3ck7kf7d1vj6klf2d0r05f940000gn/T/rust_mozprofilegKOm2h"
console.warn: services.settings: Ignoring preference override of remote settings server
console.warn: services.settings: Allow by setting MOZ_REMOTE_SETTINGS_DEVTOOLS=1 in the environment
1734745580363	Marionette	INFO	Marionette enabled
console.error: "Warning: unrecognized command line flag" "-remote-allow-hosts"
1734745580693	Marionette	INFO	Listening on port 51354
WebDriver BiDi listening on ws://127.0.0.1:51349
1734745580853	RemoteAgent	WARN	TLS certificate errors will be ignored for this session
1734745784224	geckodriver	INFO	Listening on 127.0.0.1:51425
1734745784738	mozrunner::runner	INFO	Running command: MOZ_CRASHREPORTER="1" MOZ_CRASHREPORTER_NO_REPORT="1" MOZ_CRASHREPORTER_SHUTDOWN="1" MOZ_NO_REMOTE="1" "/App ... s" "localhost" "-foreground" "-no-remote" "-profile" "/var/folders/w1/3ck7kf7d1vj6klf2d0r05f940000gn/T/rust_mozprofileFOXlsA"
console.warn: services.settings: Ignoring preference override of remote settings server
console.warn: services.settings: Allow by setting MOZ_REMOTE_SETTINGS_DEVTOOLS=1 in the environment
1734745785172	Marionette	INFO	Marionette enabled
console.error: "Warning: unrecognized command line flag" "-remote-allow-hosts"
1734745785480	Marionette	INFO	Listening on port 51431
WebDriver BiDi listening on ws://127.0.0.1:51426
1734745785612	RemoteAgent	WARN	TLS certificate errors will be ignored for this session
1734745802972	Marionette	INFO	Stopped listening on port 51431
1734746222175	geckodriver	INFO	Listening on 127.0.0.1:51515
1734746222693	mozrunner::runner	INFO	Running command: MOZ_CRASHREPORTER="1" MOZ_CRASHREPORTER_NO_REPORT="1" MOZ_CRASHREPORTER_SHUTDOWN="1" MOZ_NO_REMOTE="1" "/App ... s" "localhost" "-foreground" "-no-remote" "-profile" "/var/folders/w1/3ck7kf7d1vj6klf2d0r05f940000gn/T/rust_mozprofilervScza"
console.warn: services.settings: Ignoring preference override of remote settings server
console.warn: services.settings: Allow by setting MOZ_REMOTE_SETTINGS_DEVTOOLS=1 in the environment
1734746223089	Marionette	INFO	Marionette enabled
console.error: "Warning: unrecognized command line flag" "-remote-allow-hosts"
1734746223396	Marionette	INFO	Listening on port 51521
WebDriver BiDi listening on ws://127.0.0.1:51516
1734746223588	RemoteAgent	WARN	TLS certificate errors will be ignored for this session
1734746240540	Marionette	INFO	Stopped listening on port 51521
JavaScript error: https://www.ligafemenil.mx/cancha/tablas/tablaGoleoCompleta/sp/54eaca472140c4, line 122: uncaught exception: Socket error - SocketProtocolError: Socket hung up
JavaScript error: resource://gre/modules/PrivateBrowsingUtils.sys.mjs, line 19: TypeError: aWindow is null
1734746756262	Marionette	INFO	Stopped listening on port 51354
console.error: "Failed to fetch https://spocs.getpocket.com/user:" "NetworkError when attempting to fetch resource."
console.warn: TopSitesFeed: Failed to fetch data from Contile server: NetworkError when attempting to fetch resource.
console.error: ({})
console.error: ({})
